2022-04-02 15:55:08.755 [main] WARN  o.s.b.w.s.c.AnnotationConfigServletWebServerApplicationContext - Exception encountered during context initialization - cancelling refresh attempt: org.springframework.beans.factory.UnsatisfiedDependencyException: Error creating bean with name 'magicApiDynamicDataSource': Unsatisfied dependency expressed through field 'mysqlDataSource'; nested exception is org.springframework.boot.context.properties.ConfigurationPropertiesBindException: Error creating bean with name 'mysqlDataSource': Could not bind properties to 'DataSource' : prefix=spring.dataSource.mysql, ignoreInvalidFields=false, ignoreUnknownFields=true; nested exception is org.springframework.boot.context.properties.source.InvalidConfigurationPropertyNameException: Configuration property name 'spring.dataSource.mysql' is not valid 
2022-04-02 15:55:08.783 [main] ERROR o.s.b.d.LoggingFailureAnalysisReporter - 

***************************
APPLICATION FAILED TO START
***************************

Description:

Configuration property name 'spring.dataSource.mysql' is not valid:

    Invalid characters: 'S'
    Bean: magicApiDynamicDataSource
    Reason: Canonical names should be kebab-case ('-' separated), lowercase alpha-numeric characters and must start with a letter

Action:

Modify 'spring.dataSource.mysql' so that it conforms to the canonical names requirements.
 
2022-04-02 15:57:19.828 [main] WARN  o.s.b.w.s.c.AnnotationConfigServletWebServerApplicationContext - Exception encountered during context initialization - cancelling refresh attempt: org.springframework.beans.factory.UnsatisfiedDependencyException: Error creating bean with name 'magicApiDynamicDataSource': Unsatisfied dependency expressed through field 'mysqlDataSource'; nested exception is org.springframework.boot.context.properties.ConfigurationPropertiesBindException: Error creating bean with name 'mysqlDataSource': Could not bind properties to 'DataSource' : prefix=spring.dataSource.mysql, ignoreInvalidFields=false, ignoreUnknownFields=true; nested exception is org.springframework.boot.context.properties.source.InvalidConfigurationPropertyNameException: Configuration property name 'spring.dataSource.mysql' is not valid 
2022-04-02 15:57:19.855 [main] ERROR o.s.b.d.LoggingFailureAnalysisReporter - 

***************************
APPLICATION FAILED TO START
***************************

Description:

Configuration property name 'spring.dataSource.mysql' is not valid:

    Invalid characters: 'S'
    Bean: magicApiDynamicDataSource
    Reason: Canonical names should be kebab-case ('-' separated), lowercase alpha-numeric characters and must start with a letter

Action:

Modify 'spring.dataSource.mysql' so that it conforms to the canonical names requirements.
 
2022-04-02 15:58:58.162 [main] WARN  o.s.b.w.s.c.AnnotationConfigServletWebServerApplicationContext - Exception encountered during context initialization - cancelling refresh attempt: org.springframework.beans.factory.UnsatisfiedDependencyException: Error creating bean with name 'magicApiDynamicDataSource': Unsatisfied dependency expressed through field 'mysqlDataSource'; nested exception is org.springframework.boot.context.properties.ConfigurationPropertiesBindException: Error creating bean with name 'mysqlDataSource': Could not bind properties to 'DataSource' : prefix=spring.dataSource.mysql, ignoreInvalidFields=false, ignoreUnknownFields=true; nested exception is org.springframework.boot.context.properties.source.InvalidConfigurationPropertyNameException: Configuration property name 'spring.dataSource.mysql' is not valid 
2022-04-02 15:58:58.189 [main] ERROR o.s.b.d.LoggingFailureAnalysisReporter - 

***************************
APPLICATION FAILED TO START
***************************

Description:

Configuration property name 'spring.dataSource.mysql' is not valid:

    Invalid characters: 'S'
    Bean: magicApiDynamicDataSource
    Reason: Canonical names should be kebab-case ('-' separated), lowercase alpha-numeric characters and must start with a letter

Action:

Modify 'spring.dataSource.mysql' so that it conforms to the canonical names requirements.
 
2022-04-02 15:59:31.950 [main] ERROR o.s.m.s.b.s.MagicAPIAutoConfiguration - 当前备份设置未配置，强烈建议配置备份设置，以免代码丢失。 
2022-04-02 16:02:43.327 [http-nio-9999-exec-5] WARN  c.a.d.pool.DruidAbstractDataSource - discard long time none received connection. , jdbcUrl : jdbc:mysql://127.0.0.1:3306/vt, version : 1.2.8, lastPacketReceivedIdleMillis : 191158 
2022-04-02 16:06:22.104 [http-nio-9999-exec-10] WARN  c.a.d.pool.DruidAbstractDataSource - discard long time none received connection. , jdbcUrl : jdbc:mysql://127.0.0.1:3306/vt, version : 1.2.8, lastPacketReceivedIdleMillis : 218773 
2022-04-02 16:25:03.517 [main] ERROR o.s.m.s.b.s.MagicAPIAutoConfiguration - 当前备份设置未配置，强烈建议配置备份设置，以免代码丢失。 
2022-04-02 16:26:51.666 [main] ERROR o.s.m.s.b.s.MagicAPIAutoConfiguration - 当前备份设置未配置，强烈建议配置备份设置，以免代码丢失。 
2022-04-02 16:33:38.429 [main] ERROR o.s.m.s.b.s.MagicAPIAutoConfiguration - 当前备份设置未配置，强烈建议配置备份设置，以免代码丢失。 
2022-04-02 16:37:37.622 [main] ERROR o.s.m.s.b.s.MagicAPIAutoConfiguration - 当前备份设置未配置，强烈建议配置备份设置，以免代码丢失。 
2022-04-02 16:38:17.529 [main] ERROR o.s.m.s.b.s.MagicAPIAutoConfiguration - 当前备份设置未配置，强烈建议配置备份设置，以免代码丢失。 
2022-04-02 16:44:57.827 [main] ERROR o.s.m.s.b.s.MagicAPIAutoConfiguration - 当前备份设置未配置，强烈建议配置备份设置，以免代码丢失。 
2022-04-02 16:46:26.949 [main] ERROR o.s.m.s.b.s.MagicAPIAutoConfiguration - 当前备份设置未配置，强烈建议配置备份设置，以免代码丢失。 
2022-04-02 16:52:55.815 [http-nio-9999-exec-5] WARN  c.a.d.pool.DruidAbstractDataSource - discard long time none received connection. , jdbcUrl : jdbc:mysql://127.0.0.1:3306/vt, version : 1.2.8, lastPacketReceivedIdleMillis : 388639 
2022-04-02 17:03:34.177 [main] ERROR o.s.m.s.b.s.MagicAPIAutoConfiguration - 当前备份设置未配置，强烈建议配置备份设置，以免代码丢失。 
2022-04-02 17:59:56.060 [main] ERROR c.a.druid.filter.FilterManager - load filter error, filter not found : wall.log4j 
2022-04-02 17:59:56.414 [main] ERROR o.s.m.s.b.s.MagicAPIAutoConfiguration - 当前备份设置未配置，强烈建议配置备份设置，以免代码丢失。 
2022-04-02 18:02:03.497 [main] WARN  o.s.b.w.s.c.AnnotationConfigServletWebServerApplicationContext - Exception encountered during context initialization - cancelling refresh attempt: org.springframework.beans.factory.UnsatisfiedDependencyException: Error creating bean with name 'magicApiDynamicDataSource': Unsatisfied dependency expressed through field 'mysqlDataSource'; nested exception is org.springframework.beans.factory.BeanCreationException: Error creating bean with name 'mysqlDataSource' defined in class path resource [com/beans/MagicApiDataSources.class]: Bean instantiation via factory method failed; nested exception is org.springframework.beans.BeanInstantiationException: Failed to instantiate [javax.sql.DataSource]: Factory method 'mysqlDataSource' threw exception; nested exception is java.lang.NoClassDefFoundError: org/apache/log4j/Logger 
2022-04-02 18:02:03.528 [main] ERROR o.s.boot.SpringApplication - Application run failed 
org.springframework.beans.factory.UnsatisfiedDependencyException: Error creating bean with name 'magicApiDynamicDataSource': Unsatisfied dependency expressed through field 'mysqlDataSource'; nested exception is org.springframework.beans.factory.BeanCreationException: Error creating bean with name 'mysqlDataSource' defined in class path resource [com/beans/MagicApiDataSources.class]: Bean instantiation via factory method failed; nested exception is org.springframework.beans.BeanInstantiationException: Failed to instantiate [javax.sql.DataSource]: Factory method 'mysqlDataSource' threw exception; nested exception is java.lang.NoClassDefFoundError: org/apache/log4j/Logger
	at org.springframework.beans.factory.annotation.AutowiredAnnotationBeanPostProcessor$AutowiredFieldElement.resolveFieldValue(AutowiredAnnotationBeanPostProcessor.java:660)
	at org.springframework.beans.factory.annotation.AutowiredAnnotationBeanPostProcessor$AutowiredFieldElement.inject(AutowiredAnnotationBeanPostProcessor.java:640)
	at org.springframework.beans.factory.annotation.InjectionMetadata.inject(InjectionMetadata.java:119)
	at org.springframework.beans.factory.annotation.AutowiredAnnotationBeanPostProcessor.postProcessProperties(AutowiredAnnotationBeanPostProcessor.java:399)
	at org.springframework.beans.factory.support.AbstractAutowireCapableBeanFactory.populateBean(AbstractAutowireCapableBeanFactory.java:1413)
	at org.springframework.beans.factory.support.AbstractAutowireCapableBeanFactory.doCreateBean(AbstractAutowireCapableBeanFactory.java:601)
	at org.springframework.beans.factory.support.AbstractAutowireCapableBeanFactory.createBean(AbstractAutowireCapableBeanFactory.java:524)
	at org.springframework.beans.factory.support.AbstractBeanFactory.lambda$doGetBean$0(AbstractBeanFactory.java:335)
	at org.springframework.beans.factory.support.DefaultSingletonBeanRegistry.getSingleton(DefaultSingletonBeanRegistry.java:234)
	at org.springframework.beans.factory.support.AbstractBeanFactory.doGetBean(AbstractBeanFactory.java:333)
	at org.springframework.beans.factory.support.AbstractBeanFactory.getBean(AbstractBeanFactory.java:208)
	at org.springframework.beans.factory.support.DefaultListableBeanFactory.preInstantiateSingletons(DefaultListableBeanFactory.java:944)
	at org.springframework.context.support.AbstractApplicationContext.finishBeanFactoryInitialization(AbstractApplicationContext.java:918)
	at org.springframework.context.support.AbstractApplicationContext.refresh(AbstractApplicationContext.java:583)
	at org.springframework.boot.web.servlet.context.ServletWebServerApplicationContext.refresh(ServletWebServerApplicationContext.java:144)
	at org.springframework.boot.SpringApplication.refresh(SpringApplication.java:782)
	at org.springframework.boot.SpringApplication.refresh(SpringApplication.java:774)
	at org.springframework.boot.SpringApplication.refreshContext(SpringApplication.java:439)
	at org.springframework.boot.SpringApplication.run(SpringApplication.java:339)
	at org.springframework.boot.SpringApplication.run(SpringApplication.java:1340)
	at org.springframework.boot.SpringApplication.run(SpringApplication.java:1329)
	at com.yindahu.MagicApiApplication.main(MagicApiApplication.java:18)
Caused by: org.springframework.beans.factory.BeanCreationException: Error creating bean with name 'mysqlDataSource' defined in class path resource [com/beans/MagicApiDataSources.class]: Bean instantiation via factory method failed; nested exception is org.springframework.beans.BeanInstantiationException: Failed to instantiate [javax.sql.DataSource]: Factory method 'mysqlDataSource' threw exception; nested exception is java.lang.NoClassDefFoundError: org/apache/log4j/Logger
	at org.springframework.beans.factory.support.ConstructorResolver.instantiate(ConstructorResolver.java:658)
	at org.springframework.beans.factory.support.ConstructorResolver.instantiateUsingFactoryMethod(ConstructorResolver.java:486)
	at org.springframework.beans.factory.support.AbstractAutowireCapableBeanFactory.instantiateUsingFactoryMethod(AbstractAutowireCapableBeanFactory.java:1334)
	at org.springframework.beans.factory.support.AbstractAutowireCapableBeanFactory.createBeanInstance(AbstractAutowireCapableBeanFactory.java:1177)
	at org.springframework.beans.factory.support.AbstractAutowireCapableBeanFactory.doCreateBean(AbstractAutowireCapableBeanFactory.java:564)
	at org.springframework.beans.factory.support.AbstractAutowireCapableBeanFactory.createBean(AbstractAutowireCapableBeanFactory.java:524)
	at org.springframework.beans.factory.support.AbstractBeanFactory.lambda$doGetBean$0(AbstractBeanFactory.java:335)
	at org.springframework.beans.factory.support.DefaultSingletonBeanRegistry.getSingleton(DefaultSingletonBeanRegistry.java:234)
	at org.springframework.beans.factory.support.AbstractBeanFactory.doGetBean(AbstractBeanFactory.java:333)
	at org.springframework.beans.factory.support.AbstractBeanFactory.getBean(AbstractBeanFactory.java:208)
	at org.springframework.beans.factory.config.DependencyDescriptor.resolveCandidate(DependencyDescriptor.java:276)
	at org.springframework.beans.factory.support.DefaultListableBeanFactory.doResolveDependency(DefaultListableBeanFactory.java:1380)
	at org.springframework.beans.factory.support.DefaultListableBeanFactory.resolveDependency(DefaultListableBeanFactory.java:1300)
	at org.springframework.beans.factory.annotation.AutowiredAnnotationBeanPostProcessor$AutowiredFieldElement.resolveFieldValue(AutowiredAnnotationBeanPostProcessor.java:657)
	... 21 common frames omitted
Caused by: org.springframework.beans.BeanInstantiationException: Failed to instantiate [javax.sql.DataSource]: Factory method 'mysqlDataSource' threw exception; nested exception is java.lang.NoClassDefFoundError: org/apache/log4j/Logger
	at org.springframework.beans.factory.support.SimpleInstantiationStrategy.instantiate(SimpleInstantiationStrategy.java:185)
	at org.springframework.beans.factory.support.ConstructorResolver.instantiate(ConstructorResolver.java:653)
	... 34 common frames omitted
Caused by: java.lang.NoClassDefFoundError: org/apache/log4j/Logger
	at com.alibaba.druid.filter.logging.Log4jFilter.<init>(Log4jFilter.java:26)
	at sun.reflect.NativeConstructorAccessorImpl.newInstance0(Native Method)
	at sun.reflect.NativeConstructorAccessorImpl.newInstance(NativeConstructorAccessorImpl.java:62)
	at sun.reflect.DelegatingConstructorAccessorImpl.newInstance(DelegatingConstructorAccessorImpl.java:45)
	at java.lang.reflect.Constructor.newInstance(Constructor.java:423)
	at java.lang.Class.newInstance(Class.java:442)
	at com.alibaba.druid.filter.FilterManager.loadFilter(FilterManager.java:124)
	at com.alibaba.druid.pool.DruidAbstractDataSource.addFilters(DruidAbstractDataSource.java:1377)
	at com.alibaba.druid.pool.DruidAbstractDataSource.setFilters(DruidAbstractDataSource.java:1366)
	at com.beans.MagicApiDataSources.mysqlDataSource(MagicApiDataSources.java:18)
	at sun.reflect.NativeMethodAccessorImpl.invoke0(Native Method)
	at sun.reflect.NativeMethodAccessorImpl.invoke(NativeMethodAccessorImpl.java:62)
	at sun.reflect.DelegatingMethodAccessorImpl.invoke(DelegatingMethodAccessorImpl.java:43)
	at java.lang.reflect.Method.invoke(Method.java:498)
	at org.springframework.beans.factory.support.SimpleInstantiationStrategy.instantiate(SimpleInstantiationStrategy.java:154)
	... 35 common frames omitted
Caused by: java.lang.ClassNotFoundException: org.apache.log4j.Logger
	at java.net.URLClassLoader.findClass(URLClassLoader.java:381)
	at java.lang.ClassLoader.loadClass(ClassLoader.java:424)
	at sun.misc.Launcher$AppClassLoader.loadClass(Launcher.java:349)
	at java.lang.ClassLoader.loadClass(ClassLoader.java:357)
	... 50 common frames omitted
2022-04-02 18:02:23.465 [main] ERROR o.s.m.s.b.s.MagicAPIAutoConfiguration - 当前备份设置未配置，强烈建议配置备份设置，以免代码丢失。 
2022-04-02 18:03:07.141 [main] ERROR o.s.m.s.b.s.MagicAPIAutoConfiguration - 当前备份设置未配置，强烈建议配置备份设置，以免代码丢失。 
2022-04-02 18:05:49.951 [main] ERROR o.s.m.s.b.s.MagicAPIAutoConfiguration - 当前备份设置未配置，强烈建议配置备份设置，以免代码丢失。 
2022-04-02 18:06:29.795 [main] ERROR o.s.m.s.b.s.MagicAPIAutoConfiguration - 当前备份设置未配置，强烈建议配置备份设置，以免代码丢失。 
2022-04-02 18:07:31.393 [main] ERROR o.s.m.s.b.s.MagicAPIAutoConfiguration - 当前备份设置未配置，强烈建议配置备份设置，以免代码丢失。 
