2022-04-18 00:13:15.601 [main] INFO  com.yindahu.MagicApiApplication - Starting MagicApiApplication using Java 1.8.0_181 on yindahu with PID 13076 (C:\Users\Administrator\Desktop\pr_plugin\vt_api\target\classes started by Administrator in C:\Users\Administrator\Desktop\pr_plugin\vt_api) 
2022-04-18 00:13:15.603 [main] INFO  com.yindahu.MagicApiApplication - No active profile set, falling back to default profiles: default 
2022-04-18 00:13:17.297 [main] INFO  o.s.b.w.e.tomcat.TomcatWebServer - Tomcat initialized with port(s): 9999 (http) 
2022-04-18 00:13:17.303 [main] INFO  o.a.coyote.http11.Http11NioProtocol - Initializing ProtocolHandler ["http-nio-9999"] 
2022-04-18 00:13:17.304 [main] INFO  o.a.catalina.core.StandardService - Starting service [Tomcat] 
2022-04-18 00:13:17.304 [main] INFO  o.a.catalina.core.StandardEngine - Starting Servlet engine: [Apache Tomcat/9.0.45] 
2022-04-18 00:13:17.361 [main] INFO  o.a.c.c.C.[Tomcat].[localhost].[/] - Initializing Spring embedded WebApplicationContext 
2022-04-18 00:13:17.361 [main] INFO  o.s.b.w.s.c.ServletWebServerApplicationContext - Root WebApplicationContext: initialization completed in 1728 ms 
2022-04-18 00:13:17.367 [main] INFO  com.beans.MagicApiDruidDataSource - 注册druid监控servlet 
2022-04-18 00:13:17.383 [main] INFO  o.s.aop.framework.CglibAopProxy - Unable to proxy interface-implementing method [public final org.springframework.web.servlet.HandlerExecutionChain org.springframework.web.servlet.handler.AbstractHandlerMapping.getHandler(javax.servlet.http.HttpServletRequest) throws java.lang.Exception] because it is marked as final: Consider using interface-based JDK proxies instead! 
2022-04-18 00:13:17.383 [main] INFO  o.s.aop.framework.CglibAopProxy - Unable to proxy interface-implementing method [public final void org.springframework.web.context.support.WebApplicationObjectSupport.setServletContext(javax.servlet.ServletContext)] because it is marked as final: Consider using interface-based JDK proxies instead! 
2022-04-18 00:13:17.384 [main] INFO  o.s.aop.framework.CglibAopProxy - Unable to proxy interface-implementing method [public final void org.springframework.context.support.ApplicationObjectSupport.setApplicationContext(org.springframework.context.ApplicationContext) throws org.springframework.beans.BeansException] because it is marked as final: Consider using interface-based JDK proxies instead! 
2022-04-18 00:13:17.500 [main] INFO  o.s.m.d.m.MagicDynamicDataSource - 注册数据源：default 
2022-04-18 00:13:17.501 [main] INFO  o.s.m.d.m.MagicDynamicDataSource - 注册数据源：mysql 
2022-04-18 00:13:17.583 [main] INFO  o.s.s.c.ThreadPoolTaskExecutor - Initializing ExecutorService 'applicationTaskExecutor' 
2022-04-18 00:13:17.686 [main] INFO  o.s.m.s.b.s.MagicAPIAutoConfiguration - 未配置集群通知服务，本实例不会推送通知，集群环境下可能会有问题，如需开启，请引用magic-api-plugin-cluster插件 
2022-04-18 00:13:17.708 [main] INFO  o.s.m.s.b.s.MagicModuleConfiguration - 未找到分页实现,采用默认分页实现,分页配置:(页码=page,页大小=size,默认首页=1,默认页大小=10,最大页大小=-1) 
2022-04-18 00:13:17.709 [main] INFO  o.s.m.s.b.s.MagicModuleConfiguration - 未找到SQL缓存实现，采用默认缓存实现(LRU+TTL)，缓存配置:(容量=10000,TTL=-1) 
2022-04-18 00:13:17.782 [main] INFO  o.s.m.s.b.s.MagicAPIAutoConfiguration - magic-api工作目录:db://magic_api_file//magic-api 
2022-04-18 00:13:17.786 [main] INFO  o.s.m.s.b.s.MagicAPIAutoConfiguration - 注册模块:log -> interface org.slf4j.Logger 
2022-04-18 00:13:17.788 [main] INFO  o.s.m.s.b.s.MagicAPIAutoConfiguration - 注册模块:db -> class org.ssssssss.magicapi.modules.db.SQLModule 
2022-04-18 00:13:17.788 [main] INFO  o.s.m.s.b.s.MagicAPIAutoConfiguration - 注册模块:http -> class org.ssssssss.magicapi.modules.http.HttpModule 
2022-04-18 00:13:17.788 [main] INFO  o.s.m.s.b.s.MagicAPIAutoConfiguration - 注册模块:env -> class org.ssssssss.magicapi.modules.spring.EnvModule 
2022-04-18 00:13:17.788 [main] INFO  o.s.m.s.b.s.MagicAPIAutoConfiguration - 注册模块:request -> class org.ssssssss.magicapi.modules.servlet.RequestModule 
2022-04-18 00:13:17.788 [main] INFO  o.s.m.s.b.s.MagicAPIAutoConfiguration - 注册模块:response -> class org.ssssssss.magicapi.modules.servlet.ResponseModule 
2022-04-18 00:13:17.788 [main] INFO  o.s.m.s.b.s.MagicAPIAutoConfiguration - 注册模块:magic -> class org.ssssssss.magicapi.core.service.impl.DefaultMagicAPIService 
2022-04-18 00:13:17.789 [main] INFO  o.s.m.s.b.s.MagicAPIAutoConfiguration - 自动导入模块：db 
2022-04-18 00:13:17.790 [main] INFO  o.s.m.s.b.s.MagicAPIAutoConfiguration - 自动导包：java.lang.* 
2022-04-18 00:13:17.790 [main] INFO  o.s.m.s.b.s.MagicAPIAutoConfiguration - 自动导包：java.util.* 
2022-04-18 00:13:17.826 [main] INFO  o.a.coyote.http11.Http11NioProtocol - Starting ProtocolHandler ["http-nio-9999"] 
2022-04-18 00:13:17.838 [main] INFO  o.s.b.w.e.tomcat.TomcatWebServer - Tomcat started on port(s): 9999 (http) with context path '' 
2022-04-18 00:13:17.890 [main] INFO  com.yindahu.MagicApiApplication - Started MagicApiApplication in 2.559 seconds (JVM running for 3.413) 
2022-04-18 00:13:17.982 [main] INFO  c.a.druid.pool.DruidDataSource - {dataSource-1,mysql} inited 
2022-04-18 00:13:40.766 [http-nio-9999-exec-1] INFO  o.a.c.c.C.[Tomcat].[localhost].[/] - Initializing Spring DispatcherServlet 'dispatcherServlet' 
2022-04-18 00:13:40.766 [http-nio-9999-exec-1] INFO  o.s.web.servlet.DispatcherServlet - Initializing Servlet 'dispatcherServlet' 
2022-04-18 00:13:40.767 [http-nio-9999-exec-1] INFO  o.s.web.servlet.DispatcherServlet - Completed initialization in 1 ms 
2022-04-18 00:14:58.616 [http-nio-9999-exec-1] WARN  c.a.d.pool.DruidAbstractDataSource - discard long time none received connection. , jdbcUrl : jdbc:mysql://127.0.0.1:3306/vt, version : 1.2.8, lastPacketReceivedIdleMillis : 100587 
2022-04-18 00:14:58.676 [http-nio-9999-exec-1] ERROR o.s.m.c.web.MagicExceptionHandler - magic-api调用接口出错 
org.springframework.jdbc.BadSqlGrammarException: PreparedStatementCallback; bad SQL grammar [select id,create_date,tag,type,name,create_by from magic_api_file_backup where create_date < ? order by create_date desc]; nested exception is java.sql.SQLSyntaxErrorException: Table 'vt.magic_api_file_backup' doesn't exist
	at org.springframework.jdbc.support.SQLErrorCodeSQLExceptionTranslator.doTranslate(SQLErrorCodeSQLExceptionTranslator.java:239)
	at org.springframework.jdbc.support.AbstractFallbackSQLExceptionTranslator.translate(AbstractFallbackSQLExceptionTranslator.java:70)
	at org.springframework.jdbc.core.JdbcTemplate.translateException(JdbcTemplate.java:1541)
	at org.springframework.jdbc.core.JdbcTemplate.execute(JdbcTemplate.java:667)
	at org.springframework.jdbc.core.JdbcTemplate.query(JdbcTemplate.java:713)
	at org.springframework.jdbc.core.JdbcTemplate.query(JdbcTemplate.java:744)
	at org.springframework.jdbc.core.JdbcTemplate.query(JdbcTemplate.java:757)
	at org.springframework.jdbc.core.JdbcTemplate.query(JdbcTemplate.java:815)
	at org.ssssssss.magicapi.backup.service.MagicDatabaseBackupService.backupList(MagicDatabaseBackupService.java:92)
	at org.ssssssss.magicapi.backup.web.MagicBackupController.backups(MagicBackupController.java:39)
	at sun.reflect.NativeMethodAccessorImpl.invoke0(Native Method)
	at sun.reflect.NativeMethodAccessorImpl.invoke(NativeMethodAccessorImpl.java:62)
	at sun.reflect.DelegatingMethodAccessorImpl.invoke(DelegatingMethodAccessorImpl.java:43)
	at java.lang.reflect.Method.invoke(Method.java:498)
	at org.springframework.web.method.support.InvocableHandlerMethod.doInvoke(InvocableHandlerMethod.java:197)
	at org.springframework.web.method.support.InvocableHandlerMethod.invokeForRequest(InvocableHandlerMethod.java:141)
	at org.springframework.web.servlet.mvc.method.annotation.ServletInvocableHandlerMethod.invokeAndHandle(ServletInvocableHandlerMethod.java:106)
	at org.springframework.web.servlet.mvc.method.annotation.RequestMappingHandlerAdapter.invokeHandlerMethod(RequestMappingHandlerAdapter.java:894)
	at org.springframework.web.servlet.mvc.method.annotation.RequestMappingHandlerAdapter.handleInternal(RequestMappingHandlerAdapter.java:808)
	at org.springframework.web.servlet.mvc.method.AbstractHandlerMethodAdapter.handle(AbstractHandlerMethodAdapter.java:87)
	at org.springframework.web.servlet.DispatcherServlet.doDispatch(DispatcherServlet.java:1060)
	at org.springframework.web.servlet.DispatcherServlet.doService(DispatcherServlet.java:962)
	at org.springframework.web.servlet.FrameworkServlet.processRequest(FrameworkServlet.java:1006)
	at org.springframework.web.servlet.FrameworkServlet.doGet(FrameworkServlet.java:898)
	at javax.servlet.http.HttpServlet.service(HttpServlet.java:626)
	at org.springframework.web.servlet.FrameworkServlet.service(FrameworkServlet.java:883)
	at javax.servlet.http.HttpServlet.service(HttpServlet.java:733)
	at org.apache.catalina.core.ApplicationFilterChain.internalDoFilter(ApplicationFilterChain.java:227)
	at org.apache.catalina.core.ApplicationFilterChain.doFilter(ApplicationFilterChain.java:162)
	at org.apache.tomcat.websocket.server.WsFilter.doFilter(WsFilter.java:53)
	at org.apache.catalina.core.ApplicationFilterChain.internalDoFilter(ApplicationFilterChain.java:189)
	at org.apache.catalina.core.ApplicationFilterChain.doFilter(ApplicationFilterChain.java:162)
	at org.springframework.web.filter.RequestContextFilter.doFilterInternal(RequestContextFilter.java:100)
	at org.springframework.web.filter.OncePerRequestFilter.doFilter(OncePerRequestFilter.java:119)
	at org.apache.catalina.core.ApplicationFilterChain.internalDoFilter(ApplicationFilterChain.java:189)
	at org.apache.catalina.core.ApplicationFilterChain.doFilter(ApplicationFilterChain.java:162)
	at org.springframework.web.filter.FormContentFilter.doFilterInternal(FormContentFilter.java:93)
	at org.springframework.web.filter.OncePerRequestFilter.doFilter(OncePerRequestFilter.java:119)
	at org.apache.catalina.core.ApplicationFilterChain.internalDoFilter(ApplicationFilterChain.java:189)
	at org.apache.catalina.core.ApplicationFilterChain.doFilter(ApplicationFilterChain.java:162)
	at org.springframework.web.filter.CharacterEncodingFilter.doFilterInternal(CharacterEncodingFilter.java:201)
	at org.springframework.web.filter.OncePerRequestFilter.doFilter(OncePerRequestFilter.java:119)
	at org.apache.catalina.core.ApplicationFilterChain.internalDoFilter(ApplicationFilterChain.java:189)
	at org.apache.catalina.core.ApplicationFilterChain.doFilter(ApplicationFilterChain.java:162)
	at org.ssssssss.magicapi.core.config.MagicCorsFilter.doFilter(MagicCorsFilter.java:41)
	at org.apache.catalina.core.ApplicationFilterChain.internalDoFilter(ApplicationFilterChain.java:189)
	at org.apache.catalina.core.ApplicationFilterChain.doFilter(ApplicationFilterChain.java:162)
	at org.apache.catalina.core.StandardWrapperValve.invoke(StandardWrapperValve.java:202)
	at org.apache.catalina.core.StandardContextValve.invoke(StandardContextValve.java:97)
	at org.apache.catalina.authenticator.AuthenticatorBase.invoke(AuthenticatorBase.java:542)
	at org.apache.catalina.core.StandardHostValve.invoke(StandardHostValve.java:143)
	at org.apache.catalina.valves.ErrorReportValve.invoke(ErrorReportValve.java:92)
	at org.apache.catalina.core.StandardEngineValve.invoke(StandardEngineValve.java:78)
	at org.apache.catalina.connector.CoyoteAdapter.service(CoyoteAdapter.java:357)
	at org.apache.coyote.http11.Http11Processor.service(Http11Processor.java:374)
	at org.apache.coyote.AbstractProcessorLight.process(AbstractProcessorLight.java:65)
	at org.apache.coyote.AbstractProtocol$ConnectionHandler.process(AbstractProtocol.java:893)
	at org.apache.tomcat.util.net.NioEndpoint$SocketProcessor.doRun(NioEndpoint.java:1707)
	at org.apache.tomcat.util.net.SocketProcessorBase.run(SocketProcessorBase.java:49)
	at java.util.concurrent.ThreadPoolExecutor.runWorker(ThreadPoolExecutor.java:1149)
	at java.util.concurrent.ThreadPoolExecutor$Worker.run(ThreadPoolExecutor.java:624)
	at org.apache.tomcat.util.threads.TaskThread$WrappingRunnable.run(TaskThread.java:61)
	at java.lang.Thread.run(Thread.java:748)
Caused by: java.sql.SQLSyntaxErrorException: Table 'vt.magic_api_file_backup' doesn't exist
	at com.mysql.cj.jdbc.exceptions.SQLError.createSQLException(SQLError.java:120)
	at com.mysql.cj.jdbc.exceptions.SQLExceptionsMapping.translateException(SQLExceptionsMapping.java:122)
	at com.mysql.cj.jdbc.ClientPreparedStatement.executeInternal(ClientPreparedStatement.java:953)
	at com.mysql.cj.jdbc.ClientPreparedStatement.executeQuery(ClientPreparedStatement.java:1009)
	at com.alibaba.druid.filter.FilterChainImpl.preparedStatement_executeQuery(FilterChainImpl.java:3240)
	at com.alibaba.druid.filter.FilterEventAdapter.preparedStatement_executeQuery(FilterEventAdapter.java:465)
	at com.alibaba.druid.filter.FilterChainImpl.preparedStatement_executeQuery(FilterChainImpl.java:3237)
	at com.alibaba.druid.proxy.jdbc.PreparedStatementProxyImpl.executeQuery(PreparedStatementProxyImpl.java:181)
	at com.alibaba.druid.pool.DruidPooledPreparedStatement.executeQuery(DruidPooledPreparedStatement.java:227)
	at org.springframework.jdbc.core.JdbcTemplate$1.doInPreparedStatement(JdbcTemplate.java:722)
	at org.springframework.jdbc.core.JdbcTemplate.execute(JdbcTemplate.java:651)
	... 59 common frames omitted
2022-04-18 00:16:15.324 [http-nio-9999-exec-5] WARN  c.a.d.pool.DruidAbstractDataSource - discard long time none received connection. , jdbcUrl : jdbc:mysql://127.0.0.1:3306/vt, version : 1.2.8, lastPacketReceivedIdleMillis : 76697 
2022-04-18 00:16:15.329 [http-nio-9999-exec-5] ERROR o.s.m.c.web.MagicExceptionHandler - magic-api调用接口出错 
org.springframework.jdbc.BadSqlGrammarException: PreparedStatementCallback; bad SQL grammar [select id,create_date,tag,type,name,create_by from magic_api_file_backup where create_date < ? order by create_date desc]; nested exception is java.sql.SQLSyntaxErrorException: Unknown column 'id' in 'field list'
	at org.springframework.jdbc.support.SQLErrorCodeSQLExceptionTranslator.doTranslate(SQLErrorCodeSQLExceptionTranslator.java:239)
	at org.springframework.jdbc.support.AbstractFallbackSQLExceptionTranslator.translate(AbstractFallbackSQLExceptionTranslator.java:70)
	at org.springframework.jdbc.core.JdbcTemplate.translateException(JdbcTemplate.java:1541)
	at org.springframework.jdbc.core.JdbcTemplate.execute(JdbcTemplate.java:667)
	at org.springframework.jdbc.core.JdbcTemplate.query(JdbcTemplate.java:713)
	at org.springframework.jdbc.core.JdbcTemplate.query(JdbcTemplate.java:744)
	at org.springframework.jdbc.core.JdbcTemplate.query(JdbcTemplate.java:757)
	at org.springframework.jdbc.core.JdbcTemplate.query(JdbcTemplate.java:815)
	at org.ssssssss.magicapi.backup.service.MagicDatabaseBackupService.backupList(MagicDatabaseBackupService.java:92)
	at org.ssssssss.magicapi.backup.web.MagicBackupController.backups(MagicBackupController.java:39)
	at sun.reflect.NativeMethodAccessorImpl.invoke0(Native Method)
	at sun.reflect.NativeMethodAccessorImpl.invoke(NativeMethodAccessorImpl.java:62)
	at sun.reflect.DelegatingMethodAccessorImpl.invoke(DelegatingMethodAccessorImpl.java:43)
	at java.lang.reflect.Method.invoke(Method.java:498)
	at org.springframework.web.method.support.InvocableHandlerMethod.doInvoke(InvocableHandlerMethod.java:197)
	at org.springframework.web.method.support.InvocableHandlerMethod.invokeForRequest(InvocableHandlerMethod.java:141)
	at org.springframework.web.servlet.mvc.method.annotation.ServletInvocableHandlerMethod.invokeAndHandle(ServletInvocableHandlerMethod.java:106)
	at org.springframework.web.servlet.mvc.method.annotation.RequestMappingHandlerAdapter.invokeHandlerMethod(RequestMappingHandlerAdapter.java:894)
	at org.springframework.web.servlet.mvc.method.annotation.RequestMappingHandlerAdapter.handleInternal(RequestMappingHandlerAdapter.java:808)
	at org.springframework.web.servlet.mvc.method.AbstractHandlerMethodAdapter.handle(AbstractHandlerMethodAdapter.java:87)
	at org.springframework.web.servlet.DispatcherServlet.doDispatch(DispatcherServlet.java:1060)
	at org.springframework.web.servlet.DispatcherServlet.doService(DispatcherServlet.java:962)
	at org.springframework.web.servlet.FrameworkServlet.processRequest(FrameworkServlet.java:1006)
	at org.springframework.web.servlet.FrameworkServlet.doGet(FrameworkServlet.java:898)
	at javax.servlet.http.HttpServlet.service(HttpServlet.java:626)
	at org.springframework.web.servlet.FrameworkServlet.service(FrameworkServlet.java:883)
	at javax.servlet.http.HttpServlet.service(HttpServlet.java:733)
	at org.apache.catalina.core.ApplicationFilterChain.internalDoFilter(ApplicationFilterChain.java:227)
	at org.apache.catalina.core.ApplicationFilterChain.doFilter(ApplicationFilterChain.java:162)
	at org.apache.tomcat.websocket.server.WsFilter.doFilter(WsFilter.java:53)
	at org.apache.catalina.core.ApplicationFilterChain.internalDoFilter(ApplicationFilterChain.java:189)
	at org.apache.catalina.core.ApplicationFilterChain.doFilter(ApplicationFilterChain.java:162)
	at org.springframework.web.filter.RequestContextFilter.doFilterInternal(RequestContextFilter.java:100)
	at org.springframework.web.filter.OncePerRequestFilter.doFilter(OncePerRequestFilter.java:119)
	at org.apache.catalina.core.ApplicationFilterChain.internalDoFilter(ApplicationFilterChain.java:189)
	at org.apache.catalina.core.ApplicationFilterChain.doFilter(ApplicationFilterChain.java:162)
	at org.springframework.web.filter.FormContentFilter.doFilterInternal(FormContentFilter.java:93)
	at org.springframework.web.filter.OncePerRequestFilter.doFilter(OncePerRequestFilter.java:119)
	at org.apache.catalina.core.ApplicationFilterChain.internalDoFilter(ApplicationFilterChain.java:189)
	at org.apache.catalina.core.ApplicationFilterChain.doFilter(ApplicationFilterChain.java:162)
	at org.springframework.web.filter.CharacterEncodingFilter.doFilterInternal(CharacterEncodingFilter.java:201)
	at org.springframework.web.filter.OncePerRequestFilter.doFilter(OncePerRequestFilter.java:119)
	at org.apache.catalina.core.ApplicationFilterChain.internalDoFilter(ApplicationFilterChain.java:189)
	at org.apache.catalina.core.ApplicationFilterChain.doFilter(ApplicationFilterChain.java:162)
	at org.ssssssss.magicapi.core.config.MagicCorsFilter.doFilter(MagicCorsFilter.java:41)
	at org.apache.catalina.core.ApplicationFilterChain.internalDoFilter(ApplicationFilterChain.java:189)
	at org.apache.catalina.core.ApplicationFilterChain.doFilter(ApplicationFilterChain.java:162)
	at org.apache.catalina.core.StandardWrapperValve.invoke(StandardWrapperValve.java:202)
	at org.apache.catalina.core.StandardContextValve.invoke(StandardContextValve.java:97)
	at org.apache.catalina.authenticator.AuthenticatorBase.invoke(AuthenticatorBase.java:542)
	at org.apache.catalina.core.StandardHostValve.invoke(StandardHostValve.java:143)
	at org.apache.catalina.valves.ErrorReportValve.invoke(ErrorReportValve.java:92)
	at org.apache.catalina.core.StandardEngineValve.invoke(StandardEngineValve.java:78)
	at org.apache.catalina.connector.CoyoteAdapter.service(CoyoteAdapter.java:357)
	at org.apache.coyote.http11.Http11Processor.service(Http11Processor.java:374)
	at org.apache.coyote.AbstractProcessorLight.process(AbstractProcessorLight.java:65)
	at org.apache.coyote.AbstractProtocol$ConnectionHandler.process(AbstractProtocol.java:893)
	at org.apache.tomcat.util.net.NioEndpoint$SocketProcessor.doRun(NioEndpoint.java:1707)
	at org.apache.tomcat.util.net.SocketProcessorBase.run(SocketProcessorBase.java:49)
	at java.util.concurrent.ThreadPoolExecutor.runWorker(ThreadPoolExecutor.java:1149)
	at java.util.concurrent.ThreadPoolExecutor$Worker.run(ThreadPoolExecutor.java:624)
	at org.apache.tomcat.util.threads.TaskThread$WrappingRunnable.run(TaskThread.java:61)
	at java.lang.Thread.run(Thread.java:748)
Caused by: java.sql.SQLSyntaxErrorException: Unknown column 'id' in 'field list'
	at com.mysql.cj.jdbc.exceptions.SQLError.createSQLException(SQLError.java:120)
	at com.mysql.cj.jdbc.exceptions.SQLExceptionsMapping.translateException(SQLExceptionsMapping.java:122)
	at com.mysql.cj.jdbc.ClientPreparedStatement.executeInternal(ClientPreparedStatement.java:953)
	at com.mysql.cj.jdbc.ClientPreparedStatement.executeQuery(ClientPreparedStatement.java:1009)
	at com.alibaba.druid.filter.FilterChainImpl.preparedStatement_executeQuery(FilterChainImpl.java:3240)
	at com.alibaba.druid.filter.FilterEventAdapter.preparedStatement_executeQuery(FilterEventAdapter.java:465)
	at com.alibaba.druid.filter.FilterChainImpl.preparedStatement_executeQuery(FilterChainImpl.java:3237)
	at com.alibaba.druid.proxy.jdbc.PreparedStatementProxyImpl.executeQuery(PreparedStatementProxyImpl.java:181)
	at com.alibaba.druid.pool.DruidPooledPreparedStatement.executeQuery(DruidPooledPreparedStatement.java:227)
	at org.springframework.jdbc.core.JdbcTemplate$1.doInPreparedStatement(JdbcTemplate.java:722)
	at org.springframework.jdbc.core.JdbcTemplate.execute(JdbcTemplate.java:651)
	... 59 common frames omitted
2022-04-18 00:17:12.878 [main] INFO  com.yindahu.MagicApiApplication - Starting MagicApiApplication using Java 1.8.0_181 on yindahu with PID 12424 (C:\Users\Administrator\Desktop\pr_plugin\vt_api\target\classes started by Administrator in C:\Users\Administrator\Desktop\pr_plugin\vt_api) 
2022-04-18 00:17:12.881 [main] INFO  com.yindahu.MagicApiApplication - No active profile set, falling back to default profiles: default 
2022-04-18 00:17:14.602 [main] INFO  o.s.b.w.e.tomcat.TomcatWebServer - Tomcat initialized with port(s): 9999 (http) 
2022-04-18 00:17:14.608 [main] INFO  o.a.coyote.http11.Http11NioProtocol - Initializing ProtocolHandler ["http-nio-9999"] 
2022-04-18 00:17:14.608 [main] INFO  o.a.catalina.core.StandardService - Starting service [Tomcat] 
2022-04-18 00:17:14.608 [main] INFO  o.a.catalina.core.StandardEngine - Starting Servlet engine: [Apache Tomcat/9.0.45] 
2022-04-18 00:17:14.664 [main] INFO  o.a.c.c.C.[Tomcat].[localhost].[/] - Initializing Spring embedded WebApplicationContext 
2022-04-18 00:17:14.664 [main] INFO  o.s.b.w.s.c.ServletWebServerApplicationContext - Root WebApplicationContext: initialization completed in 1753 ms 
2022-04-18 00:17:14.671 [main] INFO  com.beans.MagicApiDruidDataSource - 注册druid监控servlet 
2022-04-18 00:17:14.686 [main] INFO  o.s.aop.framework.CglibAopProxy - Unable to proxy interface-implementing method [public final org.springframework.web.servlet.HandlerExecutionChain org.springframework.web.servlet.handler.AbstractHandlerMapping.getHandler(javax.servlet.http.HttpServletRequest) throws java.lang.Exception] because it is marked as final: Consider using interface-based JDK proxies instead! 
2022-04-18 00:17:14.686 [main] INFO  o.s.aop.framework.CglibAopProxy - Unable to proxy interface-implementing method [public final void org.springframework.web.context.support.WebApplicationObjectSupport.setServletContext(javax.servlet.ServletContext)] because it is marked as final: Consider using interface-based JDK proxies instead! 
2022-04-18 00:17:14.687 [main] INFO  o.s.aop.framework.CglibAopProxy - Unable to proxy interface-implementing method [public final void org.springframework.context.support.ApplicationObjectSupport.setApplicationContext(org.springframework.context.ApplicationContext) throws org.springframework.beans.BeansException] because it is marked as final: Consider using interface-based JDK proxies instead! 
2022-04-18 00:17:14.805 [main] INFO  o.s.m.d.m.MagicDynamicDataSource - 注册数据源：default 
2022-04-18 00:17:14.806 [main] INFO  o.s.m.d.m.MagicDynamicDataSource - 注册数据源：mysql 
2022-04-18 00:17:14.886 [main] INFO  o.s.s.c.ThreadPoolTaskExecutor - Initializing ExecutorService 'applicationTaskExecutor' 
2022-04-18 00:17:14.990 [main] INFO  o.s.m.s.b.s.MagicAPIAutoConfiguration - 未配置集群通知服务，本实例不会推送通知，集群环境下可能会有问题，如需开启，请引用magic-api-plugin-cluster插件 
2022-04-18 00:17:15.012 [main] INFO  o.s.m.s.b.s.MagicModuleConfiguration - 未找到分页实现,采用默认分页实现,分页配置:(页码=page,页大小=size,默认首页=1,默认页大小=10,最大页大小=-1) 
2022-04-18 00:17:15.013 [main] INFO  o.s.m.s.b.s.MagicModuleConfiguration - 未找到SQL缓存实现，采用默认缓存实现(LRU+TTL)，缓存配置:(容量=10000,TTL=-1) 
2022-04-18 00:17:15.082 [main] INFO  o.s.m.s.b.s.MagicAPIAutoConfiguration - magic-api工作目录:db://magic_api_file//magic-api 
2022-04-18 00:17:15.086 [main] INFO  o.s.m.s.b.s.MagicAPIAutoConfiguration - 注册模块:log -> interface org.slf4j.Logger 
2022-04-18 00:17:15.088 [main] INFO  o.s.m.s.b.s.MagicAPIAutoConfiguration - 注册模块:db -> class org.ssssssss.magicapi.modules.db.SQLModule 
2022-04-18 00:17:15.088 [main] INFO  o.s.m.s.b.s.MagicAPIAutoConfiguration - 注册模块:http -> class org.ssssssss.magicapi.modules.http.HttpModule 
2022-04-18 00:17:15.088 [main] INFO  o.s.m.s.b.s.MagicAPIAutoConfiguration - 注册模块:env -> class org.ssssssss.magicapi.modules.spring.EnvModule 
2022-04-18 00:17:15.088 [main] INFO  o.s.m.s.b.s.MagicAPIAutoConfiguration - 注册模块:request -> class org.ssssssss.magicapi.modules.servlet.RequestModule 
2022-04-18 00:17:15.088 [main] INFO  o.s.m.s.b.s.MagicAPIAutoConfiguration - 注册模块:response -> class org.ssssssss.magicapi.modules.servlet.ResponseModule 
2022-04-18 00:17:15.088 [main] INFO  o.s.m.s.b.s.MagicAPIAutoConfiguration - 注册模块:magic -> class org.ssssssss.magicapi.core.service.impl.DefaultMagicAPIService 
2022-04-18 00:17:15.089 [main] INFO  o.s.m.s.b.s.MagicAPIAutoConfiguration - 自动导入模块：db 
2022-04-18 00:17:15.089 [main] INFO  o.s.m.s.b.s.MagicAPIAutoConfiguration - 自动导包：java.lang.* 
2022-04-18 00:17:15.090 [main] INFO  o.s.m.s.b.s.MagicAPIAutoConfiguration - 自动导包：java.util.* 
2022-04-18 00:17:15.125 [main] INFO  o.a.coyote.http11.Http11NioProtocol - Starting ProtocolHandler ["http-nio-9999"] 
2022-04-18 00:17:15.137 [main] INFO  o.s.b.w.e.tomcat.TomcatWebServer - Tomcat started on port(s): 9999 (http) with context path '' 
2022-04-18 00:17:15.189 [main] INFO  com.yindahu.MagicApiApplication - Started MagicApiApplication in 2.594 seconds (JVM running for 3.415) 
2022-04-18 00:17:15.280 [main] INFO  c.a.druid.pool.DruidDataSource - {dataSource-1,mysql} inited 
2022-04-18 00:17:16.757 [http-nio-9999-exec-1] INFO  o.a.c.c.C.[Tomcat].[localhost].[/] - Initializing Spring DispatcherServlet 'dispatcherServlet' 
2022-04-18 00:17:16.757 [http-nio-9999-exec-1] INFO  o.s.web.servlet.DispatcherServlet - Initializing Servlet 'dispatcherServlet' 
2022-04-18 00:17:16.758 [http-nio-9999-exec-1] INFO  o.s.web.servlet.DispatcherServlet - Completed initialization in 0 ms 
2022-04-18 00:17:59.286 [http-nio-9999-exec-1] ERROR o.s.m.c.web.MagicExceptionHandler - magic-api调用接口出错 
org.springframework.jdbc.BadSqlGrammarException: PreparedStatementCallback; bad SQL grammar [select id,create_date,tag,type,name,create_by from magic_api_file_backup where create_date < ? order by create_date desc]; nested exception is java.sql.SQLSyntaxErrorException: Unknown column 'id' in 'field list'
	at org.springframework.jdbc.support.SQLErrorCodeSQLExceptionTranslator.doTranslate(SQLErrorCodeSQLExceptionTranslator.java:239)
	at org.springframework.jdbc.support.AbstractFallbackSQLExceptionTranslator.translate(AbstractFallbackSQLExceptionTranslator.java:70)
	at org.springframework.jdbc.core.JdbcTemplate.translateException(JdbcTemplate.java:1541)
	at org.springframework.jdbc.core.JdbcTemplate.execute(JdbcTemplate.java:667)
	at org.springframework.jdbc.core.JdbcTemplate.query(JdbcTemplate.java:713)
	at org.springframework.jdbc.core.JdbcTemplate.query(JdbcTemplate.java:744)
	at org.springframework.jdbc.core.JdbcTemplate.query(JdbcTemplate.java:757)
	at org.springframework.jdbc.core.JdbcTemplate.query(JdbcTemplate.java:815)
	at org.ssssssss.magicapi.backup.service.MagicDatabaseBackupService.backupList(MagicDatabaseBackupService.java:92)
	at org.ssssssss.magicapi.backup.web.MagicBackupController.backups(MagicBackupController.java:39)
	at sun.reflect.NativeMethodAccessorImpl.invoke0(Native Method)
	at sun.reflect.NativeMethodAccessorImpl.invoke(NativeMethodAccessorImpl.java:62)
	at sun.reflect.DelegatingMethodAccessorImpl.invoke(DelegatingMethodAccessorImpl.java:43)
	at java.lang.reflect.Method.invoke(Method.java:498)
	at org.springframework.web.method.support.InvocableHandlerMethod.doInvoke(InvocableHandlerMethod.java:197)
	at org.springframework.web.method.support.InvocableHandlerMethod.invokeForRequest(InvocableHandlerMethod.java:141)
	at org.springframework.web.servlet.mvc.method.annotation.ServletInvocableHandlerMethod.invokeAndHandle(ServletInvocableHandlerMethod.java:106)
	at org.springframework.web.servlet.mvc.method.annotation.RequestMappingHandlerAdapter.invokeHandlerMethod(RequestMappingHandlerAdapter.java:894)
	at org.springframework.web.servlet.mvc.method.annotation.RequestMappingHandlerAdapter.handleInternal(RequestMappingHandlerAdapter.java:808)
	at org.springframework.web.servlet.mvc.method.AbstractHandlerMethodAdapter.handle(AbstractHandlerMethodAdapter.java:87)
	at org.springframework.web.servlet.DispatcherServlet.doDispatch(DispatcherServlet.java:1060)
	at org.springframework.web.servlet.DispatcherServlet.doService(DispatcherServlet.java:962)
	at org.springframework.web.servlet.FrameworkServlet.processRequest(FrameworkServlet.java:1006)
	at org.springframework.web.servlet.FrameworkServlet.doGet(FrameworkServlet.java:898)
	at javax.servlet.http.HttpServlet.service(HttpServlet.java:626)
	at org.springframework.web.servlet.FrameworkServlet.service(FrameworkServlet.java:883)
	at javax.servlet.http.HttpServlet.service(HttpServlet.java:733)
	at org.apache.catalina.core.ApplicationFilterChain.internalDoFilter(ApplicationFilterChain.java:227)
	at org.apache.catalina.core.ApplicationFilterChain.doFilter(ApplicationFilterChain.java:162)
	at org.apache.tomcat.websocket.server.WsFilter.doFilter(WsFilter.java:53)
	at org.apache.catalina.core.ApplicationFilterChain.internalDoFilter(ApplicationFilterChain.java:189)
	at org.apache.catalina.core.ApplicationFilterChain.doFilter(ApplicationFilterChain.java:162)
	at org.springframework.web.filter.RequestContextFilter.doFilterInternal(RequestContextFilter.java:100)
	at org.springframework.web.filter.OncePerRequestFilter.doFilter(OncePerRequestFilter.java:119)
	at org.apache.catalina.core.ApplicationFilterChain.internalDoFilter(ApplicationFilterChain.java:189)
	at org.apache.catalina.core.ApplicationFilterChain.doFilter(ApplicationFilterChain.java:162)
	at org.springframework.web.filter.FormContentFilter.doFilterInternal(FormContentFilter.java:93)
	at org.springframework.web.filter.OncePerRequestFilter.doFilter(OncePerRequestFilter.java:119)
	at org.apache.catalina.core.ApplicationFilterChain.internalDoFilter(ApplicationFilterChain.java:189)
	at org.apache.catalina.core.ApplicationFilterChain.doFilter(ApplicationFilterChain.java:162)
	at org.springframework.web.filter.CharacterEncodingFilter.doFilterInternal(CharacterEncodingFilter.java:201)
	at org.springframework.web.filter.OncePerRequestFilter.doFilter(OncePerRequestFilter.java:119)
	at org.apache.catalina.core.ApplicationFilterChain.internalDoFilter(ApplicationFilterChain.java:189)
	at org.apache.catalina.core.ApplicationFilterChain.doFilter(ApplicationFilterChain.java:162)
	at org.ssssssss.magicapi.core.config.MagicCorsFilter.doFilter(MagicCorsFilter.java:41)
	at org.apache.catalina.core.ApplicationFilterChain.internalDoFilter(ApplicationFilterChain.java:189)
	at org.apache.catalina.core.ApplicationFilterChain.doFilter(ApplicationFilterChain.java:162)
	at org.apache.catalina.core.StandardWrapperValve.invoke(StandardWrapperValve.java:202)
	at org.apache.catalina.core.StandardContextValve.invoke(StandardContextValve.java:97)
	at org.apache.catalina.authenticator.AuthenticatorBase.invoke(AuthenticatorBase.java:542)
	at org.apache.catalina.core.StandardHostValve.invoke(StandardHostValve.java:143)
	at org.apache.catalina.valves.ErrorReportValve.invoke(ErrorReportValve.java:92)
	at org.apache.catalina.core.StandardEngineValve.invoke(StandardEngineValve.java:78)
	at org.apache.catalina.connector.CoyoteAdapter.service(CoyoteAdapter.java:357)
	at org.apache.coyote.http11.Http11Processor.service(Http11Processor.java:374)
	at org.apache.coyote.AbstractProcessorLight.process(AbstractProcessorLight.java:65)
	at org.apache.coyote.AbstractProtocol$ConnectionHandler.process(AbstractProtocol.java:893)
	at org.apache.tomcat.util.net.NioEndpoint$SocketProcessor.doRun(NioEndpoint.java:1707)
	at org.apache.tomcat.util.net.SocketProcessorBase.run(SocketProcessorBase.java:49)
	at java.util.concurrent.ThreadPoolExecutor.runWorker(ThreadPoolExecutor.java:1149)
	at java.util.concurrent.ThreadPoolExecutor$Worker.run(ThreadPoolExecutor.java:624)
	at org.apache.tomcat.util.threads.TaskThread$WrappingRunnable.run(TaskThread.java:61)
	at java.lang.Thread.run(Thread.java:748)
Caused by: java.sql.SQLSyntaxErrorException: Unknown column 'id' in 'field list'
	at com.mysql.cj.jdbc.exceptions.SQLError.createSQLException(SQLError.java:120)
	at com.mysql.cj.jdbc.exceptions.SQLExceptionsMapping.translateException(SQLExceptionsMapping.java:122)
	at com.mysql.cj.jdbc.ClientPreparedStatement.executeInternal(ClientPreparedStatement.java:953)
	at com.mysql.cj.jdbc.ClientPreparedStatement.executeQuery(ClientPreparedStatement.java:1009)
	at com.alibaba.druid.filter.FilterChainImpl.preparedStatement_executeQuery(FilterChainImpl.java:3240)
	at com.alibaba.druid.filter.FilterEventAdapter.preparedStatement_executeQuery(FilterEventAdapter.java:465)
	at com.alibaba.druid.filter.FilterChainImpl.preparedStatement_executeQuery(FilterChainImpl.java:3237)
	at com.alibaba.druid.proxy.jdbc.PreparedStatementProxyImpl.executeQuery(PreparedStatementProxyImpl.java:181)
	at com.alibaba.druid.pool.DruidPooledPreparedStatement.executeQuery(DruidPooledPreparedStatement.java:227)
	at org.springframework.jdbc.core.JdbcTemplate$1.doInPreparedStatement(JdbcTemplate.java:722)
	at org.springframework.jdbc.core.JdbcTemplate.execute(JdbcTemplate.java:651)
	... 59 common frames omitted
2022-04-18 00:21:26.503 [http-nio-9999-exec-4] WARN  c.a.d.pool.DruidAbstractDataSource - discard long time none received connection. , jdbcUrl : jdbc:mysql://127.0.0.1:3306/vt, version : 1.2.8, lastPacketReceivedIdleMillis : 207260 
